[debug] [2023-11-04T20:08:42.712Z] ----------------------------------------------------------------------
[debug] [2023-11-04T20:08:42.721Z] Command:       C:\Program Files\nodejs\node.exe C:\Users\user\AppData\Roaming\npm\node_modules\firebase-tools\lib\bin\firebase.js emulators:start
[debug] [2023-11-04T20:08:42.723Z] CLI Version:   12.8.0
[debug] [2023-11-04T20:08:42.723Z] Platform:      win32
[debug] [2023-11-04T20:08:42.724Z] Node Version:  v20.9.0
[debug] [2023-11-04T20:08:42.725Z] Time:          Sat Nov 04 2023 23:08:42 GMT+0300 (East Africa Time)
[debug] [2023-11-04T20:08:42.725Z] ----------------------------------------------------------------------
[debug] 
[debug] [2023-11-04T20:08:43.162Z] > command requires scopes: ["email","openid","https://www.googleapis.com/auth/cloudplatformprojects.readonly","https://www.googleapis.com/auth/firebase","https://www.googleapis.com/auth/cloud-platform"]
[debug] [2023-11-04T20:08:43.163Z] > authorizing via signed-in user (natnaelti94@gmail.com)
[info] i  emulators: Starting emulators: functions, hosting {"metadata":{"emulator":{"name":"hub"},"message":"Starting emulators: functions, hosting"}}
[debug] [2023-11-04T20:08:43.188Z] [logging] Logging Emulator only supports listening on one address (127.0.0.1). Not listening on ::1
[debug] [2023-11-04T20:08:43.189Z] [hosting] Hosting Emulator only supports listening on one address (127.0.0.1). Not listening on ::1
[debug] [2023-11-04T20:08:43.189Z] assigned listening specs for emulators {"user":{"hub":[{"address":"127.0.0.1","family":"IPv4","port":4400},{"address":"::1","family":"IPv6","port":4400}],"ui":[{"address":"127.0.0.1","family":"IPv4","port":4000},{"address":"::1","family":"IPv6","port":4000}],"logging":[{"address":"127.0.0.1","family":"IPv4","port":4500}],"hosting":[{"address":"127.0.0.1","family":"IPv4","port":5000}]},"metadata":{"message":"assigned listening specs for emulators"}}
[debug] [2023-11-04T20:08:43.243Z] [hub] writing locator at C:\Users\user\AppData\Local\Temp\hub-clone-6fc62.json
[debug] [2023-11-04T20:08:43.285Z] [functions] Functions Emulator only supports listening on one address (127.0.0.1). Not listening on ::1
[debug] [2023-11-04T20:08:43.286Z] [eventarc] Eventarc Emulator only supports listening on one address (127.0.0.1). Not listening on ::1
[debug] [2023-11-04T20:08:43.286Z] late-assigned ports for functions and eventarc emulators {"user":{"hub":[{"address":"127.0.0.1","family":"IPv4","port":4400},{"address":"::1","family":"IPv6","port":4400}],"ui":[{"address":"127.0.0.1","family":"IPv4","port":4000},{"address":"::1","family":"IPv6","port":4000}],"logging":[{"address":"127.0.0.1","family":"IPv4","port":4500}],"hosting":[{"address":"127.0.0.1","family":"IPv4","port":5000}],"functions":[{"address":"127.0.0.1","family":"IPv4","port":5001}],"eventarc":[{"address":"127.0.0.1","family":"IPv4","port":9299}]},"metadata":{"message":"late-assigned ports for functions and eventarc emulators"}}
[warn] !  functions: The following emulators are not running, calls to these services from the Functions emulator will affect production: auth, firestore, database, pubsub, storage {"metadata":{"emulator":{"name":"functions"},"message":"The following emulators are not running, calls to these services from the Functions emulator will affect production: \u001b[1mauth, firestore, database, pubsub, storage\u001b[22m"}}
[debug] [2023-11-04T20:08:43.293Z] defaultcredentials: writing to file C:\Users\user\AppData\Roaming\firebase\natnaelti94_gmail_com_application_default_credentials.json
[debug] [2023-11-04T20:08:43.300Z] Setting GAC to C:\Users\user\AppData\Roaming\firebase\natnaelti94_gmail_com_application_default_credentials.json {"metadata":{"emulator":{"name":"functions"},"message":"Setting GAC to C:\\Users\\user\\AppData\\Roaming\\firebase\\natnaelti94_gmail_com_application_default_credentials.json"}}
[debug] [2023-11-04T20:08:43.303Z] >>> [apiv2][query] GET https://firebase.googleapis.com/v1beta1/projects/clone-6fc62/adminSdkConfig [none]
[debug] [2023-11-04T20:08:44.621Z] <<< [apiv2][status] GET https://firebase.googleapis.com/v1beta1/projects/clone-6fc62/adminSdkConfig 200
[debug] [2023-11-04T20:08:44.621Z] <<< [apiv2][body] GET https://firebase.googleapis.com/v1beta1/projects/clone-6fc62/adminSdkConfig {"projectId":"clone-6fc62","storageBucket":"clone-6fc62.appspot.com"}
[debug] [2023-11-04T20:08:44.712Z] >>> [apiv2][query] GET https://firebasehosting.googleapis.com/v1beta1/projects/clone-6fc62/sites 
[debug] [2023-11-04T20:08:46.548Z] <<< [apiv2][status] GET https://firebasehosting.googleapis.com/v1beta1/projects/clone-6fc62/sites 200
[debug] [2023-11-04T20:08:46.549Z] <<< [apiv2][body] GET https://firebasehosting.googleapis.com/v1beta1/projects/clone-6fc62/sites {"sites":[{"name":"projects/clone-6fc62/sites/clone-6fc62","defaultUrl":"https://clone-6fc62.web.app","appId":"1:433846804221:web:ef0bfda6b4b89dd9b5e894","type":"DEFAULT_SITE"}]}
[debug] [2023-11-04T20:08:46.549Z] >>> [apiv2][query] GET https://firebase.googleapis.com/v1beta1/projects/clone-6fc62/webApps/1:433846804221:web:ef0bfda6b4b89dd9b5e894/config [none]
[debug] [2023-11-04T20:08:47.340Z] <<< [apiv2][status] GET https://firebase.googleapis.com/v1beta1/projects/clone-6fc62/webApps/1:433846804221:web:ef0bfda6b4b89dd9b5e894/config 200
[debug] [2023-11-04T20:08:47.340Z] <<< [apiv2][body] GET https://firebase.googleapis.com/v1beta1/projects/clone-6fc62/webApps/1:433846804221:web:ef0bfda6b4b89dd9b5e894/config {"projectId":"clone-6fc62","appId":"1:433846804221:web:ef0bfda6b4b89dd9b5e894","storageBucket":"clone-6fc62.appspot.com","apiKey":"AIzaSyArHeuf1YYZph5Kfo8p-a-qSG7xNLpTD4M","authDomain":"clone-6fc62.firebaseapp.com","messagingSenderId":"433846804221","measurementId":"G-BM25318KFD"}
[debug] [2023-11-04T20:08:47.372Z] >>> [apiv2][query] GET https://firebase.googleapis.com/v1beta1/projects/clone-6fc62 [none]
[debug] [2023-11-04T20:08:47.825Z] <<< [apiv2][status] GET https://firebase.googleapis.com/v1beta1/projects/clone-6fc62 200
[debug] [2023-11-04T20:08:47.825Z] <<< [apiv2][body] GET https://firebase.googleapis.com/v1beta1/projects/clone-6fc62 {"projectId":"clone-6fc62","projectNumber":"433846804221","displayName":"Amazon-clone","name":"projects/clone-6fc62","resources":{"hostingSite":"clone-6fc62"},"state":"ACTIVE","etag":"1_b5ff2bcd-6618-4d2b-a10b-f03238489a04"}
[info] i  hosting[clone-6fc62]: Serving hosting files from: build {"metadata":{"emulator":{"name":"hosting"},"message":"Serving hosting files from: \u001b[1mbuild\u001b[22m"}}
[info] +  hosting[clone-6fc62]: Local server: http://127.0.0.1:5000 {"metadata":{"emulator":{"name":"hosting"},"message":"Local server: \u001b[4m\u001b[1mhttp://127.0.0.1:5000\u001b[22m\u001b[24m"}}
[debug] [2023-11-04T20:08:47.937Z] Ignoring unsupported arg: auto_download {"metadata":{"emulator":{"name":"ui"},"message":"Ignoring unsupported arg: auto_download"}}
[debug] [2023-11-04T20:08:47.938Z] Ignoring unsupported arg: port {"metadata":{"emulator":{"name":"ui"},"message":"Ignoring unsupported arg: port"}}
[debug] [2023-11-04T20:08:47.938Z] Starting Emulator UI with command {"binary":"node","args":["C:\\Users\\user\\.cache\\firebase\\emulators\\ui-v1.11.7\\server\\server.js"],"optionalArgs":[],"joinArgs":false} {"metadata":{"emulator":{"name":"ui"},"message":"Starting Emulator UI with command {\"binary\":\"node\",\"args\":[\"C:\\\\Users\\\\user\\\\.cache\\\\firebase\\\\emulators\\\\ui-v1.11.7\\\\server\\\\server.js\"],\"optionalArgs\":[],\"joinArgs\":false}"}}
[info] i  ui: Emulator UI logging to ui-debug.log {"metadata":{"emulator":{"name":"ui"},"message":"Emulator UI logging to \u001b[1mui-debug.log\u001b[22m"}}
[debug] [2023-11-04T20:08:48.345Z] Web / API server started at 127.0.0.1:4000
 {"metadata":{"emulator":{"name":"ui"},"message":"Web / API server started at 127.0.0.1:4000\n"}}
[debug] [2023-11-04T20:08:48.346Z] Web / API server started at ::1:4000
 {"metadata":{"emulator":{"name":"ui"},"message":"Web / API server started at ::1:4000\n"}}
[info] i  functions: Watching "C:\Users\user\Documents\Evan_Projects\amazon\functions" for Cloud Functions... {"metadata":{"emulator":{"name":"functions"},"message":"Watching \"C:\\Users\\user\\Documents\\Evan_Projects\\amazon\\functions\" for Cloud Functions..."}}
[debug] [2023-11-04T20:08:48.496Z] Validating nodejs source
[debug] [2023-11-04T20:08:52.872Z] > [functions] package.json contents: {
  "name": "functions",
  "description": "Cloud Functions for Firebase",
  "scripts": {
    "lint": "eslint .",
    "serve": "firebase emulators:start --only functions",
    "shell": "firebase functions:shell",
    "start": "npm run shell",
    "deploy": "firebase deploy --only functions",
    "logs": "firebase functions:log"
  },
  "engines": {
    "node": "18"
  },
  "main": "index.js",
  "dependencies": {
    "cors": "^2.8.5",
    "express": "^4.18.2",
    "firebase-admin": "^11.8.0",
    "firebase-functions": "^4.5.0",
    "stripe": "^14.3.0"
  },
  "devDependencies": {
    "eslint": "^8.15.0",
    "eslint-config-google": "^0.14.0",
    "firebase-functions-test": "^3.1.0"
  },
  "private": true
}
[debug] [2023-11-04T20:08:52.872Z] Building nodejs source
[debug] [2023-11-04T20:08:52.874Z] Failed to find version of module node: reached end of search path C:\Users\user\Documents\Evan_Projects\amazon\functions\node_modules
[warn] !  functions: Your requested "node" version "18" doesn't match your global version "20". Using node@20 from host. 
[debug] [2023-11-04T20:08:52.883Z] Could not find functions.yaml. Must use http discovery
[debug] [2023-11-04T20:08:52.906Z] Found firebase-functions binary at 'C:\Users\user\Documents\Evan_Projects\amazon\functions\node_modules\.bin\firebase-functions'
[info] Serving at port 8191

[debug] [2023-11-04T20:08:54.926Z] Got response from /__/functions.yaml {"endpoints":{"api":{"platform":"gcfv1","availableMemoryMb":null,"timeoutSeconds":null,"minInstances":null,"maxInstances":null,"ingressSettings":null,"serviceAccountEmail":null,"vpc":null,"httpsTrigger":{},"entryPoint":"api"}},"specVersion":"v1alpha1","requiredAPIs":[]}
[info] +  functions: Loaded functions definitions from source: api. {"metadata":{"emulator":{"name":"functions"},"message":"Loaded functions definitions from source: api."}}
[info] +  functions[us-central1-api]: http function initialized (http://127.0.0.1:5001/clone-6fc62/us-central1/api). {"metadata":{"emulator":{"name":"functions"},"message":"\u001b[1mhttp\u001b[22m function initialized (http://127.0.0.1:5001/clone-6fc62/us-central1/api)."}}
[info] 
┌─────────────────────────────────────────────────────────────┐
│ ✔  All emulators ready! It is now safe to connect your app. │
│ i  View Emulator UI at http://127.0.0.1:4000/               │
└─────────────────────────────────────────────────────────────┘

┌───────────┬────────────────┬─────────────────────────────────┐
│ Emulator  │ Host:Port      │ View in Emulator UI             │
├───────────┼────────────────┼─────────────────────────────────┤
│ Functions │ 127.0.0.1:5001 │ http://127.0.0.1:4000/functions │
├───────────┼────────────────┼─────────────────────────────────┤
│ Hosting   │ 127.0.0.1:5000 │ n/a                             │
└───────────┴────────────────┴─────────────────────────────────┘
  Emulator Hub running at 127.0.0.1:4400
  Other reserved ports: 4500

Issues? Report them at https://github.com/firebase/firebase-tools/issues and attach the *-debug.log files.
 
[debug] [2023-11-04T20:09:31.095Z] [work-queue] {"queuedWork":["/clone-6fc62/us-central1/api/payments/create-2023-11-04T20:09:31.094Z"],"queueLength":1,"runningWork":[],"workRunningCount":0}
[debug] [2023-11-04T20:09:31.097Z] [work-queue] {"queuedWork":[],"queueLength":0,"runningWork":["/clone-6fc62/us-central1/api/payments/create-2023-11-04T20:09:31.094Z"],"workRunningCount":1}
[debug] [2023-11-04T20:09:31.099Z] Accepted request POST /clone-6fc62/us-central1/api/payments/create?total=6666 --> us-central1-api
[debug] [2023-11-04T20:09:31.113Z] [functions] Runtime ready! Sending request! {"metadata":{"emulator":{"name":"functions"},"message":"[functions] Runtime ready! Sending request!"}}
[debug] [2023-11-04T20:09:31.117Z] [functions] Got req.url=/clone-6fc62/us-central1/api/payments/create?total=6666, mapping to path=/payments/create?total=6666 {"metadata":{"emulator":{"name":"functions"},"message":"[functions] Got req.url=/clone-6fc62/us-central1/api/payments/create?total=6666, mapping to path=/payments/create?total=6666"}}
[debug] [2023-11-04T20:09:31.196Z] [worker-pool] addWorker(us-central1-api) {"metadata":{"emulator":{"name":"functions"},"message":"[worker-pool] addWorker(us-central1-api)"}}
[debug] [2023-11-04T20:09:31.207Z] [worker-pool] Adding worker with key us-central1-api, total=1 {"metadata":{"emulator":{"name":"functions"},"message":"[worker-pool] Adding worker with key us-central1-api, total=1"}}
[debug] [2023-11-04T20:09:58.270Z] [runtime-status] [9296] Resolved module firebase-admin {"declared":true,"installed":true,"version":"11.11.0","resolution":"C:\\Users\\user\\Documents\\Evan_Projects\\amazon\\functions\\node_modules\\firebase-admin\\lib\\index.js"} {"metadata":{"emulator":{"name":"functions"},"function":{"name":"us-central1-api"},"extension":{},"message":"[runtime-status] [9296] Resolved module firebase-admin {\"declared\":true,\"installed\":true,\"version\":\"11.11.0\",\"resolution\":\"C:\\\\Users\\\\user\\\\Documents\\\\Evan_Projects\\\\amazon\\\\functions\\\\node_modules\\\\firebase-admin\\\\lib\\\\index.js\"}"}}
[debug] [2023-11-04T20:09:58.272Z] [runtime-status] [9296] Resolved module firebase-functions {"declared":true,"installed":true,"version":"4.5.0","resolution":"C:\\Users\\user\\Documents\\Evan_Projects\\amazon\\functions\\node_modules\\firebase-functions\\lib\\v1\\index.js"} {"metadata":{"emulator":{"name":"functions"},"function":{"name":"us-central1-api"},"extension":{},"message":"[runtime-status] [9296] Resolved module firebase-functions {\"declared\":true,\"installed\":true,\"version\":\"4.5.0\",\"resolution\":\"C:\\\\Users\\\\user\\\\Documents\\\\Evan_Projects\\\\amazon\\\\functions\\\\node_modules\\\\firebase-functions\\\\lib\\\\v1\\\\index.js\"}"}}
[debug] [2023-11-04T20:09:58.275Z] [runtime-status] [9296] Outgoing network have been stubbed. [{"name":"http","status":"mocked"},{"name":"http","status":"mocked"},{"name":"https","status":"mocked"},{"name":"https","status":"mocked"},{"name":"net","status":"mocked"}] {"metadata":{"emulator":{"name":"functions"},"function":{"name":"us-central1-api"},"extension":{},"message":"[runtime-status] [9296] Outgoing network have been stubbed. [{\"name\":\"http\",\"status\":\"mocked\"},{\"name\":\"http\",\"status\":\"mocked\"},{\"name\":\"https\",\"status\":\"mocked\"},{\"name\":\"https\",\"status\":\"mocked\"},{\"name\":\"net\",\"status\":\"mocked\"}]"}}
[debug] [2023-11-04T20:09:58.280Z] [runtime-status] [9296] Resolved module firebase-functions {"declared":true,"installed":true,"version":"4.5.0","resolution":"C:\\Users\\user\\Documents\\Evan_Projects\\amazon\\functions\\node_modules\\firebase-functions\\lib\\v1\\index.js"} {"metadata":{"emulator":{"name":"functions"},"function":{"name":"us-central1-api"},"extension":{},"message":"[runtime-status] [9296] Resolved module firebase-functions {\"declared\":true,\"installed\":true,\"version\":\"4.5.0\",\"resolution\":\"C:\\\\Users\\\\user\\\\Documents\\\\Evan_Projects\\\\amazon\\\\functions\\\\node_modules\\\\firebase-functions\\\\lib\\\\v1\\\\index.js\"}"}}
[debug] [2023-11-04T20:10:00.855Z] [runtime-status] [9296] Checked functions.config() {"config":{}} {"metadata":{"emulator":{"name":"functions"},"function":{"name":"us-central1-api"},"extension":{},"message":"[runtime-status] [9296] Checked functions.config() {\"config\":{}}"}}
[debug] [2023-11-04T20:10:00.856Z] [runtime-status] [9296] firebase-functions has been stubbed. {"functionsResolution":{"declared":true,"installed":true,"version":"4.5.0","resolution":"C:\\Users\\user\\Documents\\Evan_Projects\\amazon\\functions\\node_modules\\firebase-functions\\lib\\v1\\index.js"}} {"metadata":{"emulator":{"name":"functions"},"function":{"name":"us-central1-api"},"extension":{},"message":"[runtime-status] [9296] firebase-functions has been stubbed. {\"functionsResolution\":{\"declared\":true,\"installed\":true,\"version\":\"4.5.0\",\"resolution\":\"C:\\\\Users\\\\user\\\\Documents\\\\Evan_Projects\\\\amazon\\\\functions\\\\node_modules\\\\firebase-functions\\\\lib\\\\v1\\\\index.js\"}}"}}
[debug] [2023-11-04T20:10:00.859Z] [runtime-status] [9296] Resolved module firebase-functions {"declared":true,"installed":true,"version":"4.5.0","resolution":"C:\\Users\\user\\Documents\\Evan_Projects\\amazon\\functions\\node_modules\\firebase-functions\\lib\\v1\\index.js"} {"metadata":{"emulator":{"name":"functions"},"function":{"name":"us-central1-api"},"extension":{},"message":"[runtime-status] [9296] Resolved module firebase-functions {\"declared\":true,\"installed\":true,\"version\":\"4.5.0\",\"resolution\":\"C:\\\\Users\\\\user\\\\Documents\\\\Evan_Projects\\\\amazon\\\\functions\\\\node_modules\\\\firebase-functions\\\\lib\\\\v1\\\\index.js\"}"}}
[debug] [2023-11-04T20:10:00.865Z] [runtime-status] [9296] Resolved module firebase-admin {"declared":true,"installed":true,"version":"11.11.0","resolution":"C:\\Users\\user\\Documents\\Evan_Projects\\amazon\\functions\\node_modules\\firebase-admin\\lib\\index.js"} {"metadata":{"emulator":{"name":"functions"},"function":{"name":"us-central1-api"},"extension":{},"message":"[runtime-status] [9296] Resolved module firebase-admin {\"declared\":true,\"installed\":true,\"version\":\"11.11.0\",\"resolution\":\"C:\\\\Users\\\\user\\\\Documents\\\\Evan_Projects\\\\amazon\\\\functions\\\\node_modules\\\\firebase-admin\\\\lib\\\\index.js\"}"}}
[debug] [2023-11-04T20:10:00.967Z] [runtime-status] [9296] Resolved module firebase-functions {"declared":true,"installed":true,"version":"4.5.0","resolution":"C:\\Users\\user\\Documents\\Evan_Projects\\amazon\\functions\\node_modules\\firebase-functions\\lib\\v1\\index.js"} {"metadata":{"emulator":{"name":"functions"},"function":{"name":"us-central1-api"},"extension":{},"message":"[runtime-status] [9296] Resolved module firebase-functions {\"declared\":true,\"installed\":true,\"version\":\"4.5.0\",\"resolution\":\"C:\\\\Users\\\\user\\\\Documents\\\\Evan_Projects\\\\amazon\\\\functions\\\\node_modules\\\\firebase-functions\\\\lib\\\\v1\\\\index.js\"}"}}
[debug] [2023-11-04T20:10:00.968Z] [runtime-status] [9296] firebase-admin has been stubbed. {"adminResolution":{"declared":true,"installed":true,"version":"11.11.0","resolution":"C:\\Users\\user\\Documents\\Evan_Projects\\amazon\\functions\\node_modules\\firebase-admin\\lib\\index.js"}} {"metadata":{"emulator":{"name":"functions"},"function":{"name":"us-central1-api"},"extension":{},"message":"[runtime-status] [9296] firebase-admin has been stubbed. {\"adminResolution\":{\"declared\":true,\"installed\":true,\"version\":\"11.11.0\",\"resolution\":\"C:\\\\Users\\\\user\\\\Documents\\\\Evan_Projects\\\\amazon\\\\functions\\\\node_modules\\\\firebase-admin\\\\lib\\\\index.js\"}}"}}
[error] !!  functions: Failed to handle request for function us-central1-api {"metadata":{"emulator":{"name":"functions"},"message":"Failed to handle request for function us-central1-api"}}
[error] !!  functions: Failed to start functions in C:\Users\user\Documents\Evan_Projects\amazon\functions: FirebaseError: Failed to load function. {"metadata":{"emulator":{"name":"functions"},"message":"Failed to start functions in C:\\Users\\user\\Documents\\Evan_Projects\\amazon\\functions: FirebaseError: Failed to load function."}}
[debug] [2023-11-04T20:10:01.296Z] [work-queue] {"queuedWork":[],"queueLength":0,"runningWork":[],"workRunningCount":0}
[debug] [2023-11-04T20:10:02.253Z] [runtime-status] [9296] Functions runtime initialized. {"cwd":"C:\\Users\\user\\Documents\\Evan_Projects\\amazon\\functions","node_version":"20.9.0"} {"metadata":{"emulator":{"name":"functions"},"function":{"name":"us-central1-api"},"extension":{},"message":"[runtime-status] [9296] Functions runtime initialized. {\"cwd\":\"C:\\\\Users\\\\user\\\\Documents\\\\Evan_Projects\\\\amazon\\\\functions\",\"node_version\":\"20.9.0\"}"}}
[debug] [2023-11-04T20:10:02.255Z] [runtime-status] [9296] Listening to port: \\?\pipe\fire_emu_642cd88220a6a192 {"metadata":{"emulator":{"name":"functions"},"function":{"name":"us-central1-api"},"extension":{},"message":"[runtime-status] [9296] Listening to port: \\\\?\\pipe\\fire_emu_642cd88220a6a192"}}
[debug] [2023-11-04T20:10:30.044Z] [work-queue] {"queuedWork":["/clone-6fc62/us-central1/api/payments/create-2023-11-04T20:10:30.044Z"],"queueLength":1,"runningWork":[],"workRunningCount":0}
[debug] [2023-11-04T20:10:30.045Z] [work-queue] {"queuedWork":[],"queueLength":0,"runningWork":["/clone-6fc62/us-central1/api/payments/create-2023-11-04T20:10:30.044Z"],"workRunningCount":1}
[debug] [2023-11-04T20:10:30.045Z] Accepted request POST /clone-6fc62/us-central1/api/payments/create?total=2463 --> us-central1-api
[debug] [2023-11-04T20:10:30.050Z] [functions] Runtime ready! Sending request! {"metadata":{"emulator":{"name":"functions"},"message":"[functions] Runtime ready! Sending request!"}}
[debug] [2023-11-04T20:10:30.051Z] [functions] Got req.url=/clone-6fc62/us-central1/api/payments/create?total=2463, mapping to path=/payments/create?total=2463 {"metadata":{"emulator":{"name":"functions"},"message":"[functions] Got req.url=/clone-6fc62/us-central1/api/payments/create?total=2463, mapping to path=/payments/create?total=2463"}}
[debug] [2023-11-04T20:10:30.264Z] [worker-pool] addWorker(us-central1-api) {"metadata":{"emulator":{"name":"functions"},"message":"[worker-pool] addWorker(us-central1-api)"}}
[debug] [2023-11-04T20:10:30.265Z] [worker-pool] Adding worker with key us-central1-api, total=2 {"metadata":{"emulator":{"name":"functions"},"message":"[worker-pool] Adding worker with key us-central1-api, total=2"}}
[debug] [2023-11-04T20:10:36.526Z] [runtime-status] [9512] Resolved module firebase-admin {"declared":true,"installed":true,"version":"11.11.0","resolution":"C:\\Users\\user\\Documents\\Evan_Projects\\amazon\\functions\\node_modules\\firebase-admin\\lib\\index.js"} {"metadata":{"emulator":{"name":"functions"},"function":{"name":"us-central1-api"},"extension":{},"message":"[runtime-status] [9512] Resolved module firebase-admin {\"declared\":true,\"installed\":true,\"version\":\"11.11.0\",\"resolution\":\"C:\\\\Users\\\\user\\\\Documents\\\\Evan_Projects\\\\amazon\\\\functions\\\\node_modules\\\\firebase-admin\\\\lib\\\\index.js\"}"}}
[debug] [2023-11-04T20:10:36.531Z] [runtime-status] [9512] Resolved module firebase-functions {"declared":true,"installed":true,"version":"4.5.0","resolution":"C:\\Users\\user\\Documents\\Evan_Projects\\amazon\\functions\\node_modules\\firebase-functions\\lib\\v1\\index.js"} {"metadata":{"emulator":{"name":"functions"},"function":{"name":"us-central1-api"},"extension":{},"message":"[runtime-status] [9512] Resolved module firebase-functions {\"declared\":true,\"installed\":true,\"version\":\"4.5.0\",\"resolution\":\"C:\\\\Users\\\\user\\\\Documents\\\\Evan_Projects\\\\amazon\\\\functions\\\\node_modules\\\\firebase-functions\\\\lib\\\\v1\\\\index.js\"}"}}
[debug] [2023-11-04T20:10:36.533Z] [runtime-status] [9512] Outgoing network have been stubbed. [{"name":"http","status":"mocked"},{"name":"http","status":"mocked"},{"name":"https","status":"mocked"},{"name":"https","status":"mocked"},{"name":"net","status":"mocked"}] {"metadata":{"emulator":{"name":"functions"},"function":{"name":"us-central1-api"},"extension":{},"message":"[runtime-status] [9512] Outgoing network have been stubbed. [{\"name\":\"http\",\"status\":\"mocked\"},{\"name\":\"http\",\"status\":\"mocked\"},{\"name\":\"https\",\"status\":\"mocked\"},{\"name\":\"https\",\"status\":\"mocked\"},{\"name\":\"net\",\"status\":\"mocked\"}]"}}
[debug] [2023-11-04T20:10:36.538Z] [runtime-status] [9512] Resolved module firebase-functions {"declared":true,"installed":true,"version":"4.5.0","resolution":"C:\\Users\\user\\Documents\\Evan_Projects\\amazon\\functions\\node_modules\\firebase-functions\\lib\\v1\\index.js"} {"metadata":{"emulator":{"name":"functions"},"function":{"name":"us-central1-api"},"extension":{},"message":"[runtime-status] [9512] Resolved module firebase-functions {\"declared\":true,\"installed\":true,\"version\":\"4.5.0\",\"resolution\":\"C:\\\\Users\\\\user\\\\Documents\\\\Evan_Projects\\\\amazon\\\\functions\\\\node_modules\\\\firebase-functions\\\\lib\\\\v1\\\\index.js\"}"}}
[debug] [2023-11-04T20:10:37.310Z] [runtime-status] [9512] Checked functions.config() {"config":{}} {"metadata":{"emulator":{"name":"functions"},"function":{"name":"us-central1-api"},"extension":{},"message":"[runtime-status] [9512] Checked functions.config() {\"config\":{}}"}}
[debug] [2023-11-04T20:10:37.312Z] [runtime-status] [9512] firebase-functions has been stubbed. {"functionsResolution":{"declared":true,"installed":true,"version":"4.5.0","resolution":"C:\\Users\\user\\Documents\\Evan_Projects\\amazon\\functions\\node_modules\\firebase-functions\\lib\\v1\\index.js"}} {"metadata":{"emulator":{"name":"functions"},"function":{"name":"us-central1-api"},"extension":{},"message":"[runtime-status] [9512] firebase-functions has been stubbed. {\"functionsResolution\":{\"declared\":true,\"installed\":true,\"version\":\"4.5.0\",\"resolution\":\"C:\\\\Users\\\\user\\\\Documents\\\\Evan_Projects\\\\amazon\\\\functions\\\\node_modules\\\\firebase-functions\\\\lib\\\\v1\\\\index.js\"}}"}}
[debug] [2023-11-04T20:10:37.314Z] [runtime-status] [9512] Resolved module firebase-functions {"declared":true,"installed":true,"version":"4.5.0","resolution":"C:\\Users\\user\\Documents\\Evan_Projects\\amazon\\functions\\node_modules\\firebase-functions\\lib\\v1\\index.js"} {"metadata":{"emulator":{"name":"functions"},"function":{"name":"us-central1-api"},"extension":{},"message":"[runtime-status] [9512] Resolved module firebase-functions {\"declared\":true,\"installed\":true,\"version\":\"4.5.0\",\"resolution\":\"C:\\\\Users\\\\user\\\\Documents\\\\Evan_Projects\\\\amazon\\\\functions\\\\node_modules\\\\firebase-functions\\\\lib\\\\v1\\\\index.js\"}"}}
[debug] [2023-11-04T20:10:37.318Z] [runtime-status] [9512] Resolved module firebase-admin {"declared":true,"installed":true,"version":"11.11.0","resolution":"C:\\Users\\user\\Documents\\Evan_Projects\\amazon\\functions\\node_modules\\firebase-admin\\lib\\index.js"} {"metadata":{"emulator":{"name":"functions"},"function":{"name":"us-central1-api"},"extension":{},"message":"[runtime-status] [9512] Resolved module firebase-admin {\"declared\":true,\"installed\":true,\"version\":\"11.11.0\",\"resolution\":\"C:\\\\Users\\\\user\\\\Documents\\\\Evan_Projects\\\\amazon\\\\functions\\\\node_modules\\\\firebase-admin\\\\lib\\\\index.js\"}"}}
[debug] [2023-11-04T20:10:37.326Z] [runtime-status] [9512] Resolved module firebase-functions {"declared":true,"installed":true,"version":"4.5.0","resolution":"C:\\Users\\user\\Documents\\Evan_Projects\\amazon\\functions\\node_modules\\firebase-functions\\lib\\v1\\index.js"} {"metadata":{"emulator":{"name":"functions"},"function":{"name":"us-central1-api"},"extension":{},"message":"[runtime-status] [9512] Resolved module firebase-functions {\"declared\":true,\"installed\":true,\"version\":\"4.5.0\",\"resolution\":\"C:\\\\Users\\\\user\\\\Documents\\\\Evan_Projects\\\\amazon\\\\functions\\\\node_modules\\\\firebase-functions\\\\lib\\\\v1\\\\index.js\"}"}}
[debug] [2023-11-04T20:10:37.326Z] [runtime-status] [9512] firebase-admin has been stubbed. {"adminResolution":{"declared":true,"installed":true,"version":"11.11.0","resolution":"C:\\Users\\user\\Documents\\Evan_Projects\\amazon\\functions\\node_modules\\firebase-admin\\lib\\index.js"}} {"metadata":{"emulator":{"name":"functions"},"function":{"name":"us-central1-api"},"extension":{},"message":"[runtime-status] [9512] firebase-admin has been stubbed. {\"adminResolution\":{\"declared\":true,\"installed\":true,\"version\":\"11.11.0\",\"resolution\":\"C:\\\\Users\\\\user\\\\Documents\\\\Evan_Projects\\\\amazon\\\\functions\\\\node_modules\\\\firebase-admin\\\\lib\\\\index.js\"}}"}}
[debug] [2023-11-04T20:10:38.016Z] [runtime-status] [9512] Functions runtime initialized. {"cwd":"C:\\Users\\user\\Documents\\Evan_Projects\\amazon\\functions","node_version":"20.9.0"} {"metadata":{"emulator":{"name":"functions"},"function":{"name":"us-central1-api"},"extension":{},"message":"[runtime-status] [9512] Functions runtime initialized. {\"cwd\":\"C:\\\\Users\\\\user\\\\Documents\\\\Evan_Projects\\\\amazon\\\\functions\",\"node_version\":\"20.9.0\"}"}}
[debug] [2023-11-04T20:10:38.019Z] [runtime-status] [9512] Listening to port: \\?\pipe\fire_emu_47781825afe8279b {"metadata":{"emulator":{"name":"functions"},"function":{"name":"us-central1-api"},"extension":{},"message":"[runtime-status] [9512] Listening to port: \\\\?\\pipe\\fire_emu_47781825afe8279b"}}
[debug] [2023-11-04T20:10:38.083Z] [worker-us-central1-api-624500dc-143f-4d23-9218-65dbed7cb664]: IDLE {"metadata":{"emulator":{"name":"functions"},"function":{"name":"us-central1-api"},"extension":{},"message":"[worker-us-central1-api-624500dc-143f-4d23-9218-65dbed7cb664]: IDLE"}}
[debug] [2023-11-04T20:10:38.085Z] [worker-pool] submitRequest(triggerId=us-central1-api) {"metadata":{"emulator":{"name":"functions"},"message":"[worker-pool] submitRequest(triggerId=us-central1-api)"}}
[info] i  functions: Beginning execution of "us-central1-api" {"metadata":{"emulator":{"name":"functions"},"function":{"name":"us-central1-api"},"extension":{},"message":"Beginning execution of \"us-central1-api\""}}
[debug] [2023-11-04T20:10:38.091Z] [worker-us-central1-api-624500dc-143f-4d23-9218-65dbed7cb664]: BUSY {"metadata":{"emulator":{"name":"functions"},"function":{"name":"us-central1-api"},"extension":{},"message":"[worker-us-central1-api-624500dc-143f-4d23-9218-65dbed7cb664]: BUSY"}}
[info] >  Payment Request Received for this amount is 2463 {"user":"Payment Request Received for this amount is 2463","metadata":{"emulator":{"name":"functions"},"function":{"name":"us-central1-api"},"extension":{},"message":"\u001b[90m> \u001b[39m Payment Request Received for this amount is 2463"}}
[debug] [2023-11-04T20:10:39.929Z] Finishing up request with event=pause {"metadata":{"emulator":{"name":"functions"},"function":{"name":"us-central1-api"},"extension":{},"message":"Finishing up request with event=pause"}}
[info] i  functions: Finished "us-central1-api" in 1838.7731549999999ms {"metadata":{"emulator":{"name":"functions"},"function":{"name":"us-central1-api"},"extension":{},"message":"Finished \"us-central1-api\" in 1838.7731549999999ms"}}
[debug] [2023-11-04T20:10:39.939Z] [worker-us-central1-api-624500dc-143f-4d23-9218-65dbed7cb664]: IDLE {"metadata":{"emulator":{"name":"functions"},"function":{"name":"us-central1-api"},"extension":{},"message":"[worker-us-central1-api-624500dc-143f-4d23-9218-65dbed7cb664]: IDLE"}}
[debug] [2023-11-04T20:10:39.940Z] Finishing up request with event=finish {"metadata":{"emulator":{"name":"functions"},"function":{"name":"us-central1-api"},"extension":{},"message":"Finishing up request with event=finish"}}
[debug] [2023-11-04T20:10:39.941Z] Finishing up request with event=close {"metadata":{"emulator":{"name":"functions"},"function":{"name":"us-central1-api"},"extension":{},"message":"Finishing up request with event=close"}}
[debug] [2023-11-04T20:10:39.942Z] [work-queue] {"queuedWork":[],"queueLength":0,"runningWork":[],"workRunningCount":0}
[debug] [2023-11-04T20:12:14.734Z] [work-queue] {"queuedWork":["/clone-6fc62/us-central1/api-2023-11-04T20:12:14.734Z"],"queueLength":1,"runningWork":[],"workRunningCount":0}
[debug] [2023-11-04T20:12:14.735Z] [work-queue] {"queuedWork":[],"queueLength":0,"runningWork":["/clone-6fc62/us-central1/api-2023-11-04T20:12:14.734Z"],"workRunningCount":1}
[debug] [2023-11-04T20:12:14.735Z] Accepted request GET /clone-6fc62/us-central1/api --> us-central1-api
[debug] [2023-11-04T20:12:14.740Z] [functions] Runtime ready! Sending request! {"metadata":{"emulator":{"name":"functions"},"message":"[functions] Runtime ready! Sending request!"}}
[debug] [2023-11-04T20:12:14.741Z] [functions] Got req.url=/clone-6fc62/us-central1/api, mapping to path=/ {"metadata":{"emulator":{"name":"functions"},"message":"[functions] Got req.url=/clone-6fc62/us-central1/api, mapping to path=/"}}
[debug] [2023-11-04T20:12:14.741Z] [worker-pool] submitRequest(triggerId=us-central1-api) {"metadata":{"emulator":{"name":"functions"},"message":"[worker-pool] submitRequest(triggerId=us-central1-api)"}}
[info] i  functions: Beginning execution of "us-central1-api" {"metadata":{"emulator":{"name":"functions"},"function":{"name":"us-central1-api"},"extension":{},"message":"Beginning execution of \"us-central1-api\""}}
[debug] [2023-11-04T20:12:14.771Z] [worker-us-central1-api-624500dc-143f-4d23-9218-65dbed7cb664]: BUSY {"metadata":{"emulator":{"name":"functions"},"function":{"name":"us-central1-api"},"extension":{},"message":"[worker-us-central1-api-624500dc-143f-4d23-9218-65dbed7cb664]: BUSY"}}
[debug] [2023-11-04T20:12:14.778Z] Finishing up request with event=pause {"metadata":{"emulator":{"name":"functions"},"function":{"name":"us-central1-api"},"extension":{},"message":"Finishing up request with event=pause"}}
[info] i  functions: Finished "us-central1-api" in 7.854618ms {"metadata":{"emulator":{"name":"functions"},"function":{"name":"us-central1-api"},"extension":{},"message":"Finished \"us-central1-api\" in 7.854618ms"}}
[debug] [2023-11-04T20:12:14.786Z] [worker-us-central1-api-624500dc-143f-4d23-9218-65dbed7cb664]: IDLE {"metadata":{"emulator":{"name":"functions"},"function":{"name":"us-central1-api"},"extension":{},"message":"[worker-us-central1-api-624500dc-143f-4d23-9218-65dbed7cb664]: IDLE"}}
[debug] [2023-11-04T20:12:14.787Z] Finishing up request with event=finish {"metadata":{"emulator":{"name":"functions"},"function":{"name":"us-central1-api"},"extension":{},"message":"Finishing up request with event=finish"}}
[debug] [2023-11-04T20:12:14.787Z] Finishing up request with event=close {"metadata":{"emulator":{"name":"functions"},"function":{"name":"us-central1-api"},"extension":{},"message":"Finishing up request with event=close"}}
[debug] [2023-11-04T20:12:14.787Z] [work-queue] {"queuedWork":[],"queueLength":0,"runningWork":[],"workRunningCount":0}
[debug] [2023-11-04T20:12:15.564Z] Functions emulator received unknown request at path /favicon.ico
[debug] [2023-11-04T20:16:24.739Z] Functions emulator received unknown request at path /
[debug] [2023-11-04T21:12:14.172Z] ----------------------------------------------------------------------
[debug] [2023-11-04T21:12:14.181Z] Command:       C:\Program Files\nodejs\node.exe C:\Users\user\AppData\Roaming\npm\node_modules\firebase-tools\lib\bin\firebase.js emulators:start
[debug] [2023-11-04T21:12:14.182Z] CLI Version:   12.8.0
[debug] [2023-11-04T21:12:14.183Z] Platform:      win32
[debug] [2023-11-04T21:12:14.184Z] Node Version:  v20.9.0
[debug] [2023-11-04T21:12:14.185Z] Time:          Sun Nov 05 2023 00:12:14 GMT+0300 (East Africa Time)
[debug] [2023-11-04T21:12:14.185Z] ----------------------------------------------------------------------
[debug] 
[debug] [2023-11-04T21:12:14.766Z] > command requires scopes: ["email","openid","https://www.googleapis.com/auth/cloudplatformprojects.readonly","https://www.googleapis.com/auth/firebase","https://www.googleapis.com/auth/cloud-platform"]
[debug] [2023-11-04T21:12:14.767Z] > authorizing via signed-in user (natnaelti94@gmail.com)
[info] i  emulators: Starting emulators: functions, hosting {"metadata":{"emulator":{"name":"hub"},"message":"Starting emulators: functions, hosting"}}
[debug] [2023-11-04T21:12:14.841Z] [logging] Logging Emulator only supports listening on one address (127.0.0.1). Not listening on ::1
[debug] [2023-11-04T21:12:14.842Z] [hosting] Hosting Emulator only supports listening on one address (127.0.0.1). Not listening on ::1
[debug] [2023-11-04T21:12:14.843Z] assigned listening specs for emulators {"user":{"hub":[{"address":"127.0.0.1","family":"IPv4","port":4400},{"address":"::1","family":"IPv6","port":4400}],"ui":[{"address":"127.0.0.1","family":"IPv4","port":4000},{"address":"::1","family":"IPv6","port":4000}],"logging":[{"address":"127.0.0.1","family":"IPv4","port":4500}],"hosting":[{"address":"127.0.0.1","family":"IPv4","port":5000}]},"metadata":{"message":"assigned listening specs for emulators"}}
[warn] !  emulators: It seems that you are running multiple instances of the emulator suite for project clone-6fc62. This may result in unexpected behavior. 
[debug] [2023-11-04T21:12:14.933Z] [hub] writing locator at C:\Users\user\AppData\Local\Temp\hub-clone-6fc62.json
[debug] [2023-11-04T21:12:15.015Z] [functions] Functions Emulator only supports listening on one address (127.0.0.1). Not listening on ::1
[debug] [2023-11-04T21:12:15.016Z] [eventarc] Eventarc Emulator only supports listening on one address (127.0.0.1). Not listening on ::1
[debug] [2023-11-04T21:12:15.016Z] late-assigned ports for functions and eventarc emulators {"user":{"hub":[{"address":"127.0.0.1","family":"IPv4","port":4400},{"address":"::1","family":"IPv6","port":4400}],"ui":[{"address":"127.0.0.1","family":"IPv4","port":4000},{"address":"::1","family":"IPv6","port":4000}],"logging":[{"address":"127.0.0.1","family":"IPv4","port":4500}],"hosting":[{"address":"127.0.0.1","family":"IPv4","port":5000}],"functions":[{"address":"127.0.0.1","family":"IPv4","port":5001}],"eventarc":[{"address":"127.0.0.1","family":"IPv4","port":9299}]},"metadata":{"message":"late-assigned ports for functions and eventarc emulators"}}
[warn] !  functions: The following emulators are not running, calls to these services from the Functions emulator will affect production: auth, firestore, database, pubsub, storage {"metadata":{"emulator":{"name":"functions"},"message":"The following emulators are not running, calls to these services from the Functions emulator will affect production: \u001b[1mauth, firestore, database, pubsub, storage\u001b[22m"}}
[debug] [2023-11-04T21:12:15.031Z] defaultcredentials: writing to file C:\Users\user\AppData\Roaming\firebase\natnaelti94_gmail_com_application_default_credentials.json
[debug] [2023-11-04T21:12:15.122Z] Setting GAC to C:\Users\user\AppData\Roaming\firebase\natnaelti94_gmail_com_application_default_credentials.json {"metadata":{"emulator":{"name":"functions"},"message":"Setting GAC to C:\\Users\\user\\AppData\\Roaming\\firebase\\natnaelti94_gmail_com_application_default_credentials.json"}}
[debug] [2023-11-04T21:12:15.125Z] > refreshing access token with scopes: []
[debug] [2023-11-04T21:12:15.129Z] >>> [apiv2][query] POST https://www.googleapis.com/oauth2/v3/token [none]
[debug] [2023-11-04T21:12:15.130Z] >>> [apiv2][body] POST https://www.googleapis.com/oauth2/v3/token [omitted]
[debug] [2023-11-04T21:12:16.259Z] <<< [apiv2][status] POST https://www.googleapis.com/oauth2/v3/token 200
[debug] [2023-11-04T21:12:16.259Z] <<< [apiv2][body] POST https://www.googleapis.com/oauth2/v3/token [omitted]
[debug] [2023-11-04T21:12:16.681Z] >>> [apiv2][query] GET https://firebase.googleapis.com/v1beta1/projects/clone-6fc62/adminSdkConfig [none]
[debug] [2023-11-04T21:12:17.753Z] <<< [apiv2][status] GET https://firebase.googleapis.com/v1beta1/projects/clone-6fc62/adminSdkConfig 200
[debug] [2023-11-04T21:12:17.753Z] <<< [apiv2][body] GET https://firebase.googleapis.com/v1beta1/projects/clone-6fc62/adminSdkConfig {"projectId":"clone-6fc62","storageBucket":"clone-6fc62.appspot.com"}
[debug] [2023-11-04T21:12:17.916Z] >>> [apiv2][query] GET https://firebasehosting.googleapis.com/v1beta1/projects/clone-6fc62/sites 
[debug] [2023-11-04T21:12:20.410Z] <<< [apiv2][status] GET https://firebasehosting.googleapis.com/v1beta1/projects/clone-6fc62/sites 200
[debug] [2023-11-04T21:12:20.410Z] <<< [apiv2][body] GET https://firebasehosting.googleapis.com/v1beta1/projects/clone-6fc62/sites {"sites":[{"name":"projects/clone-6fc62/sites/clone-6fc62","defaultUrl":"https://clone-6fc62.web.app","appId":"1:433846804221:web:ef0bfda6b4b89dd9b5e894","type":"DEFAULT_SITE"}]}
[debug] [2023-11-04T21:12:20.411Z] >>> [apiv2][query] GET https://firebase.googleapis.com/v1beta1/projects/clone-6fc62/webApps/1:433846804221:web:ef0bfda6b4b89dd9b5e894/config [none]
[debug] [2023-11-04T21:12:21.310Z] <<< [apiv2][status] GET https://firebase.googleapis.com/v1beta1/projects/clone-6fc62/webApps/1:433846804221:web:ef0bfda6b4b89dd9b5e894/config 200
[debug] [2023-11-04T21:12:21.310Z] <<< [apiv2][body] GET https://firebase.googleapis.com/v1beta1/projects/clone-6fc62/webApps/1:433846804221:web:ef0bfda6b4b89dd9b5e894/config {"projectId":"clone-6fc62","appId":"1:433846804221:web:ef0bfda6b4b89dd9b5e894","storageBucket":"clone-6fc62.appspot.com","apiKey":"AIzaSyArHeuf1YYZph5Kfo8p-a-qSG7xNLpTD4M","authDomain":"clone-6fc62.firebaseapp.com","messagingSenderId":"433846804221","measurementId":"G-BM25318KFD"}
[debug] [2023-11-04T21:12:21.375Z] >>> [apiv2][query] GET https://firebase.googleapis.com/v1beta1/projects/clone-6fc62 [none]
[debug] [2023-11-04T21:12:21.867Z] <<< [apiv2][status] GET https://firebase.googleapis.com/v1beta1/projects/clone-6fc62 200
[debug] [2023-11-04T21:12:21.868Z] <<< [apiv2][body] GET https://firebase.googleapis.com/v1beta1/projects/clone-6fc62 {"projectId":"clone-6fc62","projectNumber":"433846804221","displayName":"Amazon-clone","name":"projects/clone-6fc62","resources":{"hostingSite":"clone-6fc62"},"state":"ACTIVE","etag":"1_384227a3-f4a5-4a22-80cb-8ef29ddfa249"}
[info] i  hosting[clone-6fc62]: Serving hosting files from: build {"metadata":{"emulator":{"name":"hosting"},"message":"Serving hosting files from: \u001b[1mbuild\u001b[22m"}}
[info] +  hosting[clone-6fc62]: Local server: http://127.0.0.1:5000 {"metadata":{"emulator":{"name":"hosting"},"message":"Local server: \u001b[4m\u001b[1mhttp://127.0.0.1:5000\u001b[22m\u001b[24m"}}
[debug] [2023-11-04T21:12:22.139Z] Ignoring unsupported arg: auto_download {"metadata":{"emulator":{"name":"ui"},"message":"Ignoring unsupported arg: auto_download"}}
[debug] [2023-11-04T21:12:22.140Z] Ignoring unsupported arg: port {"metadata":{"emulator":{"name":"ui"},"message":"Ignoring unsupported arg: port"}}
[debug] [2023-11-04T21:12:22.140Z] Starting Emulator UI with command {"binary":"node","args":["C:\\Users\\user\\.cache\\firebase\\emulators\\ui-v1.11.7\\server\\server.js"],"optionalArgs":[],"joinArgs":false} {"metadata":{"emulator":{"name":"ui"},"message":"Starting Emulator UI with command {\"binary\":\"node\",\"args\":[\"C:\\\\Users\\\\user\\\\.cache\\\\firebase\\\\emulators\\\\ui-v1.11.7\\\\server\\\\server.js\"],\"optionalArgs\":[],\"joinArgs\":false}"}}
[info] i  ui: Emulator UI logging to ui-debug.log {"metadata":{"emulator":{"name":"ui"},"message":"Emulator UI logging to \u001b[1mui-debug.log\u001b[22m"}}
[debug] [2023-11-04T21:12:23.411Z] Web / API server started at 127.0.0.1:4000
 {"metadata":{"emulator":{"name":"ui"},"message":"Web / API server started at 127.0.0.1:4000\n"}}
[debug] [2023-11-04T21:12:23.413Z] Web / API server started at ::1:4000
 {"metadata":{"emulator":{"name":"ui"},"message":"Web / API server started at ::1:4000\n"}}
[info] i  functions: Watching "C:\Users\user\Documents\Evan_Projects\amazon\functions" for Cloud Functions... {"metadata":{"emulator":{"name":"functions"},"message":"Watching \"C:\\Users\\user\\Documents\\Evan_Projects\\amazon\\functions\" for Cloud Functions..."}}
[debug] [2023-11-04T21:12:23.522Z] Validating nodejs source
[debug] [2023-11-04T21:12:31.128Z] > [functions] package.json contents: {
  "name": "functions",
  "description": "Cloud Functions for Firebase",
  "scripts": {
    "lint": "eslint .",
    "serve": "firebase emulators:start --only functions",
    "shell": "firebase functions:shell",
    "start": "npm run shell",
    "deploy": "firebase deploy --only functions",
    "logs": "firebase functions:log"
  },
  "engines": {
    "node": "18"
  },
  "main": "index.js",
  "dependencies": {
    "cors": "^2.8.5",
    "express": "^4.18.2",
    "firebase-admin": "^11.8.0",
    "firebase-functions": "^4.5.0",
    "stripe": "^14.3.0"
  },
  "devDependencies": {
    "eslint": "^8.15.0",
    "eslint-config-google": "^0.14.0",
    "firebase-functions-test": "^3.1.0"
  },
  "private": true
}
[debug] [2023-11-04T21:12:31.129Z] Building nodejs source
[debug] [2023-11-04T21:12:31.131Z] Failed to find version of module node: reached end of search path C:\Users\user\Documents\Evan_Projects\amazon\functions\node_modules
[warn] !  functions: Your requested "node" version "18" doesn't match your global version "20". Using node@20 from host. 
[debug] [2023-11-04T21:12:31.150Z] Could not find functions.yaml. Must use http discovery
[debug] [2023-11-04T21:12:31.260Z] Found firebase-functions binary at 'C:\Users\user\Documents\Evan_Projects\amazon\functions\node_modules\.bin\firebase-functions'
[info] Serving at port 8032

[debug] [2023-11-04T21:12:40.549Z] Got response from /__/functions.yaml {"endpoints":{"api":{"platform":"gcfv1","availableMemoryMb":null,"timeoutSeconds":null,"minInstances":null,"maxInstances":null,"ingressSettings":null,"serviceAccountEmail":null,"vpc":null,"httpsTrigger":{},"entryPoint":"api"}},"specVersion":"v1alpha1","requiredAPIs":[]}
[info] +  functions: Loaded functions definitions from source: api. {"metadata":{"emulator":{"name":"functions"},"message":"Loaded functions definitions from source: api."}}
[info] +  functions[us-central1-api]: http function initialized (http://127.0.0.1:5001/clone-6fc62/us-central1/api). {"metadata":{"emulator":{"name":"functions"},"message":"\u001b[1mhttp\u001b[22m function initialized (http://127.0.0.1:5001/clone-6fc62/us-central1/api)."}}
[info] 
┌─────────────────────────────────────────────────────────────┐
│ ✔  All emulators ready! It is now safe to connect your app. │
│ i  View Emulator UI at http://127.0.0.1:4000/               │
└─────────────────────────────────────────────────────────────┘

┌───────────┬────────────────┬─────────────────────────────────┐
│ Emulator  │ Host:Port      │ View in Emulator UI             │
├───────────┼────────────────┼─────────────────────────────────┤
│ Functions │ 127.0.0.1:5001 │ http://127.0.0.1:4000/functions │
├───────────┼────────────────┼─────────────────────────────────┤
│ Hosting   │ 127.0.0.1:5000 │ n/a                             │
└───────────┴────────────────┴─────────────────────────────────┘
  Emulator Hub running at 127.0.0.1:4400
  Other reserved ports: 4500

Issues? Report them at https://github.com/firebase/firebase-tools/issues and attach the *-debug.log files.
 
[debug] [2023-11-04T22:06:17.395Z] ----------------------------------------------------------------------
[debug] [2023-11-04T22:06:17.498Z] Command:       C:\Program Files\nodejs\node.exe C:\Users\user\AppData\Roaming\npm\node_modules\firebase-tools\lib\bin\firebase.js deploy --only functions
[debug] [2023-11-04T22:06:17.500Z] CLI Version:   12.8.0
[debug] [2023-11-04T22:06:17.501Z] Platform:      win32
[debug] [2023-11-04T22:06:17.502Z] Node Version:  v20.9.0
[debug] [2023-11-04T22:06:17.509Z] Time:          Sun Nov 05 2023 01:06:17 GMT+0300 (East Africa Time)
[debug] [2023-11-04T22:06:17.510Z] ----------------------------------------------------------------------
[debug] 
[debug] [2023-11-04T22:06:17.826Z] > command requires scopes: ["email","openid","https://www.googleapis.com/auth/cloudplatformprojects.readonly","https://www.googleapis.com/auth/firebase","https://www.googleapis.com/auth/cloud-platform"]
[debug] [2023-11-04T22:06:17.827Z] > authorizing via signed-in user (natnaelti94@gmail.com)
[debug] [2023-11-04T22:06:17.828Z] [iam] checking project clone-6fc62 for permissions ["cloudfunctions.functions.create","cloudfunctions.functions.delete","cloudfunctions.functions.get","cloudfunctions.functions.list","cloudfunctions.functions.update","cloudfunctions.operations.get","firebase.projects.get"]
[debug] [2023-11-04T22:06:17.841Z] > refreshing access token with scopes: []
[debug] [2023-11-04T22:06:17.846Z] >>> [apiv2][query] POST https://www.googleapis.com/oauth2/v3/token [none]
[debug] [2023-11-04T22:06:17.846Z] >>> [apiv2][body] POST https://www.googleapis.com/oauth2/v3/token [omitted]
[debug] [2023-11-04T22:06:19.311Z] <<< [apiv2][status] POST https://www.googleapis.com/oauth2/v3/token 200
[debug] [2023-11-04T22:06:19.312Z] <<< [apiv2][body] POST https://www.googleapis.com/oauth2/v3/token [omitted]
[debug] [2023-11-04T22:06:19.379Z] >>> [apiv2][query] POST https://cloudresourcemanager.googleapis.com/v1/projects/clone-6fc62:testIamPermissions [none]
[debug] [2023-11-04T22:06:19.379Z] >>> [apiv2][(partial)header] POST https://cloudresourcemanager.googleapis.com/v1/projects/clone-6fc62:testIamPermissions x-goog-quota-user=projects/clone-6fc62
[debug] [2023-11-04T22:06:19.380Z] >>> [apiv2][body] POST https://cloudresourcemanager.googleapis.com/v1/projects/clone-6fc62:testIamPermissions {"permissions":["cloudfunctions.functions.create","cloudfunctions.functions.delete","cloudfunctions.functions.get","cloudfunctions.functions.list","cloudfunctions.functions.update","cloudfunctions.operations.get","firebase.projects.get"]}
[debug] [2023-11-04T22:06:21.577Z] <<< [apiv2][status] POST https://cloudresourcemanager.googleapis.com/v1/projects/clone-6fc62:testIamPermissions 200
[debug] [2023-11-04T22:06:21.578Z] <<< [apiv2][body] POST https://cloudresourcemanager.googleapis.com/v1/projects/clone-6fc62:testIamPermissions {"permissions":["cloudfunctions.functions.create","cloudfunctions.functions.delete","cloudfunctions.functions.get","cloudfunctions.functions.list","cloudfunctions.functions.update","cloudfunctions.operations.get","firebase.projects.get"]}
[debug] [2023-11-04T22:06:21.579Z] >>> [apiv2][query] POST https://iam.googleapis.com/v1/projects/clone-6fc62/serviceAccounts/clone-6fc62@appspot.gserviceaccount.com:testIamPermissions [none]
[debug] [2023-11-04T22:06:21.580Z] >>> [apiv2][body] POST https://iam.googleapis.com/v1/projects/clone-6fc62/serviceAccounts/clone-6fc62@appspot.gserviceaccount.com:testIamPermissions {"permissions":["iam.serviceAccounts.actAs"]}
[debug] [2023-11-04T22:06:23.752Z] <<< [apiv2][status] POST https://iam.googleapis.com/v1/projects/clone-6fc62/serviceAccounts/clone-6fc62@appspot.gserviceaccount.com:testIamPermissions 200
[debug] [2023-11-04T22:06:23.753Z] <<< [apiv2][body] POST https://iam.googleapis.com/v1/projects/clone-6fc62/serviceAccounts/clone-6fc62@appspot.gserviceaccount.com:testIamPermissions {"permissions":["iam.serviceAccounts.actAs"]}
[info] 
[info] === Deploying to 'clone-6fc62'...
[info] 
[info] i  deploying functions 
[info] +  functions: Finished running predeploy script. 
[debug] [2023-11-04T22:06:23.768Z] >>> [apiv2][query] GET https://firebase.googleapis.com/v1beta1/projects/clone-6fc62 [none]
[debug] [2023-11-04T22:06:24.833Z] <<< [apiv2][status] GET https://firebase.googleapis.com/v1beta1/projects/clone-6fc62 200
[debug] [2023-11-04T22:06:24.834Z] <<< [apiv2][body] GET https://firebase.googleapis.com/v1beta1/projects/clone-6fc62 {"projectId":"clone-6fc62","projectNumber":"433846804221","displayName":"Amazon-clone","name":"projects/clone-6fc62","resources":{"hostingSite":"clone-6fc62"},"state":"ACTIVE","etag":"1_384227a3-f4a5-4a22-80cb-8ef29ddfa249"}
[info] i  functions: preparing codebase default for deployment 
[info] i  functions: ensuring required API cloudfunctions.googleapis.com is enabled... 
[info] i  functions: ensuring required API cloudbuild.googleapis.com is enabled... 
[info] i  artifactregistry: ensuring required API artifactregistry.googleapis.com is enabled... 
[debug] [2023-11-04T22:06:24.840Z] >>> [apiv2][query] GET https://serviceusage.googleapis.com/v1/projects/clone-6fc62/services/cloudfunctions.googleapis.com [none]
[debug] [2023-11-04T22:06:24.840Z] >>> [apiv2][(partial)header] GET https://serviceusage.googleapis.com/v1/projects/clone-6fc62/services/cloudfunctions.googleapis.com x-goog-quota-user=projects/clone-6fc62
[debug] [2023-11-04T22:06:24.842Z] >>> [apiv2][query] GET https://serviceusage.googleapis.com/v1/projects/clone-6fc62/services/runtimeconfig.googleapis.com [none]
[debug] [2023-11-04T22:06:24.842Z] >>> [apiv2][(partial)header] GET https://serviceusage.googleapis.com/v1/projects/clone-6fc62/services/runtimeconfig.googleapis.com x-goog-quota-user=projects/clone-6fc62
[debug] [2023-11-04T22:06:24.846Z] >>> [apiv2][query] GET https://serviceusage.googleapis.com/v1/projects/clone-6fc62/services/cloudbuild.googleapis.com [none]
[debug] [2023-11-04T22:06:24.846Z] >>> [apiv2][(partial)header] GET https://serviceusage.googleapis.com/v1/projects/clone-6fc62/services/cloudbuild.googleapis.com x-goog-quota-user=projects/clone-6fc62
[debug] [2023-11-04T22:06:24.848Z] >>> [apiv2][query] GET https://serviceusage.googleapis.com/v1/projects/clone-6fc62/services/artifactregistry.googleapis.com [none]
[debug] [2023-11-04T22:06:24.848Z] >>> [apiv2][(partial)header] GET https://serviceusage.googleapis.com/v1/projects/clone-6fc62/services/artifactregistry.googleapis.com x-goog-quota-user=projects/clone-6fc62
[debug] [2023-11-04T22:06:27.249Z] <<< [apiv2][status] GET https://serviceusage.googleapis.com/v1/projects/clone-6fc62/services/cloudfunctions.googleapis.com 200
[debug] [2023-11-04T22:06:27.251Z] <<< [apiv2][body] GET https://serviceusage.googleapis.com/v1/projects/clone-6fc62/services/cloudfunctions.googleapis.com [omitted]
[info] +  functions: required API cloudfunctions.googleapis.com is enabled 
[debug] [2023-11-04T22:06:27.262Z] <<< [apiv2][status] GET https://serviceusage.googleapis.com/v1/projects/clone-6fc62/services/runtimeconfig.googleapis.com 200
[debug] [2023-11-04T22:06:27.263Z] <<< [apiv2][body] GET https://serviceusage.googleapis.com/v1/projects/clone-6fc62/services/runtimeconfig.googleapis.com [omitted]
[debug] [2023-11-04T22:06:27.290Z] <<< [apiv2][status] GET https://serviceusage.googleapis.com/v1/projects/clone-6fc62/services/artifactregistry.googleapis.com 200
[debug] [2023-11-04T22:06:27.291Z] <<< [apiv2][body] GET https://serviceusage.googleapis.com/v1/projects/clone-6fc62/services/artifactregistry.googleapis.com [omitted]
[warn] !  artifactregistry: missing required API artifactregistry.googleapis.com. Enabling now... 
[debug] [2023-11-04T22:06:27.296Z] >>> [apiv2][query] POST https://serviceusage.googleapis.com/v1/projects/clone-6fc62/services/artifactregistry.googleapis.com:enable [none]
[debug] [2023-11-04T22:06:27.297Z] >>> [apiv2][(partial)header] POST https://serviceusage.googleapis.com/v1/projects/clone-6fc62/services/artifactregistry.googleapis.com:enable x-goog-quota-user=projects/clone-6fc62
[debug] [2023-11-04T22:06:27.364Z] <<< [apiv2][status] GET https://serviceusage.googleapis.com/v1/projects/clone-6fc62/services/cloudbuild.googleapis.com 200
[debug] [2023-11-04T22:06:27.364Z] <<< [apiv2][body] GET https://serviceusage.googleapis.com/v1/projects/clone-6fc62/services/cloudbuild.googleapis.com [omitted]
[warn] !  functions: missing required API cloudbuild.googleapis.com. Enabling now... 
[debug] [2023-11-04T22:06:27.378Z] >>> [apiv2][query] POST https://serviceusage.googleapis.com/v1/projects/clone-6fc62/services/cloudbuild.googleapis.com:enable [none]
[debug] [2023-11-04T22:06:27.378Z] >>> [apiv2][(partial)header] POST https://serviceusage.googleapis.com/v1/projects/clone-6fc62/services/cloudbuild.googleapis.com:enable x-goog-quota-user=projects/clone-6fc62
[debug] [2023-11-04T22:06:28.942Z] <<< [apiv2][status] POST https://serviceusage.googleapis.com/v1/projects/clone-6fc62/services/artifactregistry.googleapis.com:enable 400
[debug] [2023-11-04T22:06:28.943Z] <<< [apiv2][body] POST https://serviceusage.googleapis.com/v1/projects/clone-6fc62/services/artifactregistry.googleapis.com:enable [omitted]
[debug] [2023-11-04T22:06:29.038Z] <<< [apiv2][status] POST https://serviceusage.googleapis.com/v1/projects/clone-6fc62/services/cloudbuild.googleapis.com:enable 400
[debug] [2023-11-04T22:06:29.038Z] <<< [apiv2][body] POST https://serviceusage.googleapis.com/v1/projects/clone-6fc62/services/cloudbuild.googleapis.com:enable [omitted]
[debug] [2023-11-04T22:06:34.153Z] Error: Timed out.
    at Timeout._onTimeout (C:\Users\user\AppData\Roaming\npm\node_modules\firebase-tools\lib\utils.js:254:49)
    at listOnTimeout (node:internal/timers:573:17)
    at process.processTimers (node:internal/timers:514:7)
[error] 
[error] Error: An unexpected error has occurred.
[debug] [2023-11-04T22:06:47.619Z] ----------------------------------------------------------------------
[debug] [2023-11-04T22:06:47.624Z] Command:       C:\Program Files\nodejs\node.exe C:\Users\user\AppData\Roaming\npm\node_modules\firebase-tools\lib\bin\firebase.js deploy --only functions
[debug] [2023-11-04T22:06:47.625Z] CLI Version:   12.8.0
[debug] [2023-11-04T22:06:47.625Z] Platform:      win32
[debug] [2023-11-04T22:06:47.626Z] Node Version:  v20.9.0
[debug] [2023-11-04T22:06:47.626Z] Time:          Sun Nov 05 2023 01:06:47 GMT+0300 (East Africa Time)
[debug] [2023-11-04T22:06:47.626Z] ----------------------------------------------------------------------
[debug] 
[debug] [2023-11-04T22:06:47.814Z] > command requires scopes: ["email","openid","https://www.googleapis.com/auth/cloudplatformprojects.readonly","https://www.googleapis.com/auth/firebase","https://www.googleapis.com/auth/cloud-platform"]
[debug] [2023-11-04T22:06:47.816Z] > authorizing via signed-in user (natnaelti94@gmail.com)
[debug] [2023-11-04T22:06:47.816Z] [iam] checking project clone-6fc62 for permissions ["cloudfunctions.functions.create","cloudfunctions.functions.delete","cloudfunctions.functions.get","cloudfunctions.functions.list","cloudfunctions.functions.update","cloudfunctions.operations.get","firebase.projects.get"]
[debug] [2023-11-04T22:06:47.821Z] >>> [apiv2][query] POST https://cloudresourcemanager.googleapis.com/v1/projects/clone-6fc62:testIamPermissions [none]
[debug] [2023-11-04T22:06:47.822Z] >>> [apiv2][(partial)header] POST https://cloudresourcemanager.googleapis.com/v1/projects/clone-6fc62:testIamPermissions x-goog-quota-user=projects/clone-6fc62
[debug] [2023-11-04T22:06:47.823Z] >>> [apiv2][body] POST https://cloudresourcemanager.googleapis.com/v1/projects/clone-6fc62:testIamPermissions {"permissions":["cloudfunctions.functions.create","cloudfunctions.functions.delete","cloudfunctions.functions.get","cloudfunctions.functions.list","cloudfunctions.functions.update","cloudfunctions.operations.get","firebase.projects.get"]}
[debug] [2023-11-04T22:06:49.921Z] <<< [apiv2][status] POST https://cloudresourcemanager.googleapis.com/v1/projects/clone-6fc62:testIamPermissions 200
[debug] [2023-11-04T22:06:49.922Z] <<< [apiv2][body] POST https://cloudresourcemanager.googleapis.com/v1/projects/clone-6fc62:testIamPermissions {"permissions":["cloudfunctions.functions.create","cloudfunctions.functions.delete","cloudfunctions.functions.get","cloudfunctions.functions.list","cloudfunctions.functions.update","cloudfunctions.operations.get","firebase.projects.get"]}
[debug] [2023-11-04T22:06:49.923Z] >>> [apiv2][query] POST https://iam.googleapis.com/v1/projects/clone-6fc62/serviceAccounts/clone-6fc62@appspot.gserviceaccount.com:testIamPermissions [none]
[debug] [2023-11-04T22:06:49.924Z] >>> [apiv2][body] POST https://iam.googleapis.com/v1/projects/clone-6fc62/serviceAccounts/clone-6fc62@appspot.gserviceaccount.com:testIamPermissions {"permissions":["iam.serviceAccounts.actAs"]}
[debug] [2023-11-04T22:06:51.867Z] <<< [apiv2][status] POST https://iam.googleapis.com/v1/projects/clone-6fc62/serviceAccounts/clone-6fc62@appspot.gserviceaccount.com:testIamPermissions 200
[debug] [2023-11-04T22:06:51.868Z] <<< [apiv2][body] POST https://iam.googleapis.com/v1/projects/clone-6fc62/serviceAccounts/clone-6fc62@appspot.gserviceaccount.com:testIamPermissions {"permissions":["iam.serviceAccounts.actAs"]}
[info] 
[info] === Deploying to 'clone-6fc62'...
[info] 
[info] i  deploying functions 
[info] +  functions: Finished running predeploy script. 
[debug] [2023-11-04T22:06:51.883Z] >>> [apiv2][query] GET https://firebase.googleapis.com/v1beta1/projects/clone-6fc62 [none]
[debug] [2023-11-04T22:06:52.877Z] <<< [apiv2][status] GET https://firebase.googleapis.com/v1beta1/projects/clone-6fc62 200
[debug] [2023-11-04T22:06:52.877Z] <<< [apiv2][body] GET https://firebase.googleapis.com/v1beta1/projects/clone-6fc62 {"projectId":"clone-6fc62","projectNumber":"433846804221","displayName":"Amazon-clone","name":"projects/clone-6fc62","resources":{"hostingSite":"clone-6fc62"},"state":"ACTIVE","etag":"1_384227a3-f4a5-4a22-80cb-8ef29ddfa249"}
[info] i  functions: preparing codebase default for deployment 
[info] i  functions: ensuring required API cloudfunctions.googleapis.com is enabled... 
[info] i  functions: ensuring required API cloudbuild.googleapis.com is enabled... 
[info] i  artifactregistry: ensuring required API artifactregistry.googleapis.com is enabled... 
[debug] [2023-11-04T22:06:52.886Z] >>> [apiv2][query] GET https://serviceusage.googleapis.com/v1/projects/clone-6fc62/services/cloudfunctions.googleapis.com [none]
[debug] [2023-11-04T22:06:52.886Z] >>> [apiv2][(partial)header] GET https://serviceusage.googleapis.com/v1/projects/clone-6fc62/services/cloudfunctions.googleapis.com x-goog-quota-user=projects/clone-6fc62
[debug] [2023-11-04T22:06:52.892Z] >>> [apiv2][query] GET https://serviceusage.googleapis.com/v1/projects/clone-6fc62/services/runtimeconfig.googleapis.com [none]
[debug] [2023-11-04T22:06:52.892Z] >>> [apiv2][(partial)header] GET https://serviceusage.googleapis.com/v1/projects/clone-6fc62/services/runtimeconfig.googleapis.com x-goog-quota-user=projects/clone-6fc62
[debug] [2023-11-04T22:06:52.896Z] >>> [apiv2][query] GET https://serviceusage.googleapis.com/v1/projects/clone-6fc62/services/cloudbuild.googleapis.com [none]
[debug] [2023-11-04T22:06:52.896Z] >>> [apiv2][(partial)header] GET https://serviceusage.googleapis.com/v1/projects/clone-6fc62/services/cloudbuild.googleapis.com x-goog-quota-user=projects/clone-6fc62
[debug] [2023-11-04T22:06:52.899Z] >>> [apiv2][query] GET https://serviceusage.googleapis.com/v1/projects/clone-6fc62/services/artifactregistry.googleapis.com [none]
[debug] [2023-11-04T22:06:52.899Z] >>> [apiv2][(partial)header] GET https://serviceusage.googleapis.com/v1/projects/clone-6fc62/services/artifactregistry.googleapis.com x-goog-quota-user=projects/clone-6fc62
[debug] [2023-11-04T22:06:54.995Z] <<< [apiv2][status] GET https://serviceusage.googleapis.com/v1/projects/clone-6fc62/services/cloudfunctions.googleapis.com 200
[debug] [2023-11-04T22:06:54.995Z] <<< [apiv2][body] GET https://serviceusage.googleapis.com/v1/projects/clone-6fc62/services/cloudfunctions.googleapis.com [omitted]
[info] +  functions: required API cloudfunctions.googleapis.com is enabled 
[debug] [2023-11-04T22:06:55.063Z] <<< [apiv2][status] GET https://serviceusage.googleapis.com/v1/projects/clone-6fc62/services/runtimeconfig.googleapis.com 200
[debug] [2023-11-04T22:06:55.063Z] <<< [apiv2][body] GET https://serviceusage.googleapis.com/v1/projects/clone-6fc62/services/runtimeconfig.googleapis.com [omitted]
[debug] [2023-11-04T22:06:55.135Z] <<< [apiv2][status] GET https://serviceusage.googleapis.com/v1/projects/clone-6fc62/services/cloudbuild.googleapis.com 200
[debug] [2023-11-04T22:06:55.136Z] <<< [apiv2][body] GET https://serviceusage.googleapis.com/v1/projects/clone-6fc62/services/cloudbuild.googleapis.com [omitted]
[warn] !  functions: missing required API cloudbuild.googleapis.com. Enabling now... 
[debug] [2023-11-04T22:06:55.138Z] >>> [apiv2][query] POST https://serviceusage.googleapis.com/v1/projects/clone-6fc62/services/cloudbuild.googleapis.com:enable [none]
[debug] [2023-11-04T22:06:55.139Z] >>> [apiv2][(partial)header] POST https://serviceusage.googleapis.com/v1/projects/clone-6fc62/services/cloudbuild.googleapis.com:enable x-goog-quota-user=projects/clone-6fc62
[debug] [2023-11-04T22:06:55.207Z] <<< [apiv2][status] GET https://serviceusage.googleapis.com/v1/projects/clone-6fc62/services/artifactregistry.googleapis.com 200
[debug] [2023-11-04T22:06:55.208Z] <<< [apiv2][body] GET https://serviceusage.googleapis.com/v1/projects/clone-6fc62/services/artifactregistry.googleapis.com [omitted]
[warn] !  artifactregistry: missing required API artifactregistry.googleapis.com. Enabling now... 
[debug] [2023-11-04T22:06:55.209Z] >>> [apiv2][query] POST https://serviceusage.googleapis.com/v1/projects/clone-6fc62/services/artifactregistry.googleapis.com:enable [none]
[debug] [2023-11-04T22:06:55.209Z] >>> [apiv2][(partial)header] POST https://serviceusage.googleapis.com/v1/projects/clone-6fc62/services/artifactregistry.googleapis.com:enable x-goog-quota-user=projects/clone-6fc62
[debug] [2023-11-04T22:06:56.822Z] <<< [apiv2][status] POST https://serviceusage.googleapis.com/v1/projects/clone-6fc62/services/cloudbuild.googleapis.com:enable 400
[debug] [2023-11-04T22:06:56.822Z] <<< [apiv2][body] POST https://serviceusage.googleapis.com/v1/projects/clone-6fc62/services/cloudbuild.googleapis.com:enable [omitted]
[debug] [2023-11-04T22:06:56.941Z] <<< [apiv2][status] POST https://serviceusage.googleapis.com/v1/projects/clone-6fc62/services/artifactregistry.googleapis.com:enable 400
[debug] [2023-11-04T22:06:56.941Z] <<< [apiv2][body] POST https://serviceusage.googleapis.com/v1/projects/clone-6fc62/services/artifactregistry.googleapis.com:enable [omitted]
[error] 
[error] Error: Your project clone-6fc62 must be on the Blaze (pay-as-you-go) plan to complete this command. Required API cloudbuild.googleapis.com can't be enabled until the upgrade is complete. To upgrade, visit the following URL:

https://console.firebase.google.com/project/clone-6fc62/usage/details
